2018-07-26 11:54:28,269 INFO [main] c.k.s.s.KingSsoServerApplication [StartupInfoLogger.java : 48] Starting KingSsoServerApplication on wangjinsheng.local with PID 20052 (/unit/opensources/king-sso/king-sso-server/target/classes started by wangjinsheng in /unit/opensources)
2018-07-26 11:54:28,278 INFO [main] c.k.s.s.KingSsoServerApplication [SpringApplication.java : 593] No active profile set, falling back to default profiles: default
2018-07-26 11:54:28,455 INFO [main] o.s.b.c.e.AnnotationConfigEmbeddedWebApplicationContext [AbstractApplicationContext.java : 583] Refreshing org.springframework.boot.context.embedded.AnnotationConfigEmbeddedWebApplicationContext@5d9f6996: startup date [Thu Jul 26 11:54:28 CST 2018]; root of context hierarchy
2018-07-26 11:54:29,417 INFO [background-preinit] o.h.validator.internal.util.Version [Version.java : 30] HV000001: Hibernate Validator 5.3.6.Final
2018-07-26 11:54:32,614 INFO [main] o.s.b.c.e.t.TomcatEmbeddedServletContainer [TomcatEmbeddedServletContainer.java : 89] Tomcat initialized with port(s): 8080 (http)
2018-07-26 11:54:32,641 INFO [main] o.a.catalina.core.StandardService [DirectJDKLog.java : 180] Starting service [Tomcat]
2018-07-26 11:54:32,644 INFO [main] o.a.catalina.core.StandardEngine [DirectJDKLog.java : 180] Starting Servlet Engine: Apache Tomcat/8.5.27
2018-07-26 11:54:32,829 INFO [localhost-startStop-1] o.a.c.c.C.[.[.[/king-sso-server] [DirectJDKLog.java : 180] Initializing Spring embedded WebApplicationContext
2018-07-26 11:54:32,830 INFO [localhost-startStop-1] o.s.web.context.ContextLoader [EmbeddedWebApplicationContext.java : 276] Root WebApplicationContext: initialization completed in 4375 ms
2018-07-26 11:54:33,109 INFO [localhost-startStop-1] o.s.b.w.s.ServletRegistrationBean [ServletRegistrationBean.java : 190] Mapping servlet: 'dispatcherServlet' to [/]
2018-07-26 11:54:33,118 INFO [localhost-startStop-1] o.s.b.w.s.FilterRegistrationBean [AbstractFilterRegistrationBean.java : 258] Mapping filter: 'characterEncodingFilter' to: [/*]
2018-07-26 11:54:33,119 INFO [localhost-startStop-1] o.s.b.w.s.FilterRegistrationBean [AbstractFilterRegistrationBean.java : 258] Mapping filter: 'hiddenHttpMethodFilter' to: [/*]
2018-07-26 11:54:33,119 INFO [localhost-startStop-1] o.s.b.w.s.FilterRegistrationBean [AbstractFilterRegistrationBean.java : 258] Mapping filter: 'httpPutFormContentFilter' to: [/*]
2018-07-26 11:54:33,120 INFO [localhost-startStop-1] o.s.b.w.s.FilterRegistrationBean [AbstractFilterRegistrationBean.java : 258] Mapping filter: 'requestContextFilter' to: [/*]
2018-07-26 11:54:34,836 INFO [main] o.s.w.s.m.m.a.RequestMappingHandlerAdapter [RequestMappingHandlerAdapter.java : 534] Looking for @ControllerAdvice: org.springframework.boot.context.embedded.AnnotationConfigEmbeddedWebApplicationContext@5d9f6996: startup date [Thu Jul 26 11:54:28 CST 2018]; root of context hierarchy
2018-07-26 11:54:35,005 INFO [main] o.s.w.s.m.m.a.RequestMappingHandlerMapping [AbstractHandlerMethodMapping.java : 543] Mapped "{[/]}" onto public java.lang.String com.king.sso.server.controller.IndexController.index(org.springframework.ui.Model,javax.servlet.http.HttpServletRequest)
2018-07-26 11:54:35,007 INFO [main] o.s.w.s.m.m.a.RequestMappingHandlerMapping [AbstractHandlerMethodMapping.java : 543] Mapped "{[/login]}" onto public java.lang.String com.king.sso.server.controller.IndexController.login(org.springframework.ui.Model,javax.servlet.http.HttpServletRequest)
2018-07-26 11:54:35,007 INFO [main] o.s.w.s.m.m.a.RequestMappingHandlerMapping [AbstractHandlerMethodMapping.java : 543] Mapped "{[/doLogin]}" onto public java.lang.String com.king.sso.server.controller.IndexController.doLogin(javax.servlet.http.HttpServletRequest,javax.servlet.http.HttpServletResponse,org.springframework.web.servlet.mvc.support.RedirectAttributes,java.lang.String,java.lang.String)
2018-07-26 11:54:35,008 INFO [main] o.s.w.s.m.m.a.RequestMappingHandlerMapping [AbstractHandlerMethodMapping.java : 543] Mapped "{[/logout]}" onto public java.lang.String com.king.sso.server.controller.IndexController.logout(javax.servlet.http.HttpServletRequest,javax.servlet.http.HttpServletResponse,org.springframework.web.servlet.mvc.support.RedirectAttributes)
2018-07-26 11:54:35,014 INFO [main] o.s.w.s.m.m.a.RequestMappingHandlerMapping [AbstractHandlerMethodMapping.java : 543] Mapped "{[/error]}" onto public org.springframework.http.ResponseEntity<java.util.Map<java.lang.String, java.lang.Object>> org.springframework.boot.autoconfigure.web.BasicErrorController.error(javax.servlet.http.HttpServletRequest)
2018-07-26 11:54:35,016 INFO [main] o.s.w.s.m.m.a.RequestMappingHandlerMapping [AbstractHandlerMethodMapping.java : 543] Mapped "{[/error],produces=[text/html]}" onto public org.springframework.web.servlet.ModelAndView org.springframework.boot.autoconfigure.web.BasicErrorController.errorHtml(javax.servlet.http.HttpServletRequest,javax.servlet.http.HttpServletResponse)
2018-07-26 11:54:35,142 INFO [main] o.s.w.s.h.SimpleUrlHandlerMapping [AbstractUrlHandlerMapping.java : 362] Mapped URL path [/webjars/**] onto handler of type [class org.springframework.web.servlet.resource.ResourceHttpRequestHandler]
2018-07-26 11:54:35,143 INFO [main] o.s.w.s.h.SimpleUrlHandlerMapping [AbstractUrlHandlerMapping.java : 362] Mapped URL path [/static/**] onto handler of type [class org.springframework.web.servlet.resource.ResourceHttpRequestHandler]
2018-07-26 11:54:35,308 INFO [main] o.s.w.s.h.SimpleUrlHandlerMapping [AbstractUrlHandlerMapping.java : 362] Mapped URL path [/**/favicon.ico] onto handler of type [class org.springframework.web.servlet.resource.ResourceHttpRequestHandler]
2018-07-26 11:54:35,823 INFO [main] o.s.u.f.SpringTemplateLoader [SpringTemplateLoader.java : 61] SpringTemplateLoader for FreeMarker: using resource loader [org.springframework.boot.context.embedded.AnnotationConfigEmbeddedWebApplicationContext@5d9f6996: startup date [Thu Jul 26 11:54:28 CST 2018]; root of context hierarchy] and template loader path [classpath:/templates/]
2018-07-26 11:54:35,827 INFO [main] o.s.w.s.v.f.FreeMarkerConfigurer [FreeMarkerConfigurer.java : 127] ClassTemplateLoader for Spring macros added to FreeMarker configuration
2018-07-26 11:54:36,522 INFO [main] o.s.j.e.a.AnnotationMBeanExporter [MBeanExporter.java : 431] Registering beans for JMX exposure on startup
2018-07-26 11:54:36,625 INFO [main] o.a.coyote.http11.Http11NioProtocol [DirectJDKLog.java : 180] Initializing ProtocolHandler ["http-nio-8080"]
2018-07-26 11:54:36,661 INFO [main] o.a.coyote.http11.Http11NioProtocol [DirectJDKLog.java : 180] Starting ProtocolHandler ["http-nio-8080"]
2018-07-26 11:54:36,674 INFO [main] o.a.tomcat.util.net.NioSelectorPool [DirectJDKLog.java : 180] Using a shared selector for servlet write/read
2018-07-26 11:54:36,710 INFO [main] o.s.b.c.e.t.TomcatEmbeddedServletContainer [TomcatEmbeddedServletContainer.java : 201] Tomcat started on port(s): 8080 (http)
2018-07-26 11:54:36,725 INFO [main] c.k.s.s.KingSsoServerApplication [StartupInfoLogger.java : 57] Started KingSsoServerApplication in 9.459 seconds (JVM running for 11.026)
2018-07-26 11:54:48,326 INFO [http-nio-8080-exec-2] o.a.c.c.C.[.[.[/king-sso-server] [DirectJDKLog.java : 180] Initializing Spring FrameworkServlet 'dispatcherServlet'
2018-07-26 11:54:48,327 INFO [http-nio-8080-exec-2] o.s.web.servlet.DispatcherServlet [FrameworkServlet.java : 489] FrameworkServlet 'dispatcherServlet': initialization started
2018-07-26 11:54:48,358 INFO [http-nio-8080-exec-2] o.s.web.servlet.DispatcherServlet [FrameworkServlet.java : 508] FrameworkServlet 'dispatcherServlet': initialization completed in 31 ms
2018-07-26 12:00:38,348 INFO [Thread-3] o.s.b.c.e.AnnotationConfigEmbeddedWebApplicationContext [AbstractApplicationContext.java : 984] Closing org.springframework.boot.context.embedded.AnnotationConfigEmbeddedWebApplicationContext@5d9f6996: startup date [Thu Jul 26 11:54:28 CST 2018]; root of context hierarchy
2018-07-26 12:00:38,352 INFO [Thread-3] o.s.j.e.a.AnnotationMBeanExporter [MBeanExporter.java : 449] Unregistering JMX-exposed beans on shutdown
2018-07-26 12:01:21,356 INFO [main] c.k.s.s.KingSsoServerApplication [StartupInfoLogger.java : 48] Starting KingSsoServerApplication on wangjinsheng.local with PID 20258 (/unit/opensources/king-sso/king-sso-server/target/classes started by wangjinsheng in /unit/opensources)
2018-07-26 12:01:21,374 INFO [main] c.k.s.s.KingSsoServerApplication [SpringApplication.java : 593] No active profile set, falling back to default profiles: default
2018-07-26 12:01:21,639 INFO [main] o.s.b.c.e.AnnotationConfigEmbeddedWebApplicationContext [AbstractApplicationContext.java : 583] Refreshing org.springframework.boot.context.embedded.AnnotationConfigEmbeddedWebApplicationContext@7aae6a99: startup date [Thu Jul 26 12:01:21 CST 2018]; root of context hierarchy
2018-07-26 12:01:22,477 INFO [background-preinit] o.h.validator.internal.util.Version [Version.java : 30] HV000001: Hibernate Validator 5.3.6.Final
2018-07-26 12:01:25,406 INFO [main] o.s.b.c.e.t.TomcatEmbeddedServletContainer [TomcatEmbeddedServletContainer.java : 89] Tomcat initialized with port(s): 8080 (http)
2018-07-26 12:01:25,438 INFO [main] o.a.catalina.core.StandardService [DirectJDKLog.java : 180] Starting service [Tomcat]
2018-07-26 12:01:25,440 INFO [main] o.a.catalina.core.StandardEngine [DirectJDKLog.java : 180] Starting Servlet Engine: Apache Tomcat/8.5.27
2018-07-26 12:01:25,603 INFO [localhost-startStop-1] o.a.c.c.C.[.[.[/king-sso-server] [DirectJDKLog.java : 180] Initializing Spring embedded WebApplicationContext
2018-07-26 12:01:25,603 INFO [localhost-startStop-1] o.s.web.context.ContextLoader [EmbeddedWebApplicationContext.java : 276] Root WebApplicationContext: initialization completed in 3964 ms
2018-07-26 12:01:25,831 INFO [localhost-startStop-1] o.s.b.w.s.ServletRegistrationBean [ServletRegistrationBean.java : 190] Mapping servlet: 'dispatcherServlet' to [/]
2018-07-26 12:01:25,838 INFO [localhost-startStop-1] o.s.b.w.s.FilterRegistrationBean [AbstractFilterRegistrationBean.java : 258] Mapping filter: 'characterEncodingFilter' to: [/*]
2018-07-26 12:01:25,839 INFO [localhost-startStop-1] o.s.b.w.s.FilterRegistrationBean [AbstractFilterRegistrationBean.java : 258] Mapping filter: 'hiddenHttpMethodFilter' to: [/*]
2018-07-26 12:01:25,839 INFO [localhost-startStop-1] o.s.b.w.s.FilterRegistrationBean [AbstractFilterRegistrationBean.java : 258] Mapping filter: 'httpPutFormContentFilter' to: [/*]
2018-07-26 12:01:25,839 INFO [localhost-startStop-1] o.s.b.w.s.FilterRegistrationBean [AbstractFilterRegistrationBean.java : 258] Mapping filter: 'requestContextFilter' to: [/*]
2018-07-26 12:01:27,411 INFO [main] o.s.w.s.m.m.a.RequestMappingHandlerAdapter [RequestMappingHandlerAdapter.java : 534] Looking for @ControllerAdvice: org.springframework.boot.context.embedded.AnnotationConfigEmbeddedWebApplicationContext@7aae6a99: startup date [Thu Jul 26 12:01:21 CST 2018]; root of context hierarchy
2018-07-26 12:01:27,571 INFO [main] o.s.w.s.m.m.a.RequestMappingHandlerMapping [AbstractHandlerMethodMapping.java : 543] Mapped "{[/]}" onto public java.lang.String com.king.sso.server.controller.IndexController.index(org.springframework.ui.Model,javax.servlet.http.HttpServletRequest)
2018-07-26 12:01:27,573 INFO [main] o.s.w.s.m.m.a.RequestMappingHandlerMapping [AbstractHandlerMethodMapping.java : 543] Mapped "{[/doLogin]}" onto public java.lang.String com.king.sso.server.controller.IndexController.doLogin(javax.servlet.http.HttpServletRequest,javax.servlet.http.HttpServletResponse,org.springframework.web.servlet.mvc.support.RedirectAttributes,java.lang.String,java.lang.String)
2018-07-26 12:01:27,574 INFO [main] o.s.w.s.m.m.a.RequestMappingHandlerMapping [AbstractHandlerMethodMapping.java : 543] Mapped "{[/login]}" onto public java.lang.String com.king.sso.server.controller.IndexController.login(org.springframework.ui.Model,javax.servlet.http.HttpServletRequest)
2018-07-26 12:01:27,574 INFO [main] o.s.w.s.m.m.a.RequestMappingHandlerMapping [AbstractHandlerMethodMapping.java : 543] Mapped "{[/logout]}" onto public java.lang.String com.king.sso.server.controller.IndexController.logout(javax.servlet.http.HttpServletRequest,javax.servlet.http.HttpServletResponse,org.springframework.web.servlet.mvc.support.RedirectAttributes)
2018-07-26 12:01:27,581 INFO [main] o.s.w.s.m.m.a.RequestMappingHandlerMapping [AbstractHandlerMethodMapping.java : 543] Mapped "{[/error]}" onto public org.springframework.http.ResponseEntity<java.util.Map<java.lang.String, java.lang.Object>> org.springframework.boot.autoconfigure.web.BasicErrorController.error(javax.servlet.http.HttpServletRequest)
2018-07-26 12:01:27,582 INFO [main] o.s.w.s.m.m.a.RequestMappingHandlerMapping [AbstractHandlerMethodMapping.java : 543] Mapped "{[/error],produces=[text/html]}" onto public org.springframework.web.servlet.ModelAndView org.springframework.boot.autoconfigure.web.BasicErrorController.errorHtml(javax.servlet.http.HttpServletRequest,javax.servlet.http.HttpServletResponse)
2018-07-26 12:01:27,653 INFO [main] o.s.w.s.h.SimpleUrlHandlerMapping [AbstractUrlHandlerMapping.java : 362] Mapped URL path [/webjars/**] onto handler of type [class org.springframework.web.servlet.resource.ResourceHttpRequestHandler]
2018-07-26 12:01:27,654 INFO [main] o.s.w.s.h.SimpleUrlHandlerMapping [AbstractUrlHandlerMapping.java : 362] Mapped URL path [/static/**] onto handler of type [class org.springframework.web.servlet.resource.ResourceHttpRequestHandler]
2018-07-26 12:01:27,897 INFO [main] o.s.w.s.h.SimpleUrlHandlerMapping [AbstractUrlHandlerMapping.java : 362] Mapped URL path [/**/favicon.ico] onto handler of type [class org.springframework.web.servlet.resource.ResourceHttpRequestHandler]
2018-07-26 12:01:28,479 INFO [main] o.s.u.f.SpringTemplateLoader [SpringTemplateLoader.java : 61] SpringTemplateLoader for FreeMarker: using resource loader [org.springframework.boot.context.embedded.AnnotationConfigEmbeddedWebApplicationContext@7aae6a99: startup date [Thu Jul 26 12:01:21 CST 2018]; root of context hierarchy] and template loader path [classpath:/templates/]
2018-07-26 12:01:28,481 INFO [main] o.s.w.s.v.f.FreeMarkerConfigurer [FreeMarkerConfigurer.java : 127] ClassTemplateLoader for Spring macros added to FreeMarker configuration
2018-07-26 12:01:29,212 INFO [main] o.s.j.e.a.AnnotationMBeanExporter [MBeanExporter.java : 431] Registering beans for JMX exposure on startup
2018-07-26 12:01:29,310 INFO [main] o.a.coyote.http11.Http11NioProtocol [DirectJDKLog.java : 180] Initializing ProtocolHandler ["http-nio-8080"]
2018-07-26 12:01:29,366 INFO [main] o.a.coyote.http11.Http11NioProtocol [DirectJDKLog.java : 180] Starting ProtocolHandler ["http-nio-8080"]
2018-07-26 12:01:29,389 INFO [main] o.a.tomcat.util.net.NioSelectorPool [DirectJDKLog.java : 180] Using a shared selector for servlet write/read
2018-07-26 12:01:29,427 INFO [main] o.s.b.c.e.t.TomcatEmbeddedServletContainer [TomcatEmbeddedServletContainer.java : 201] Tomcat started on port(s): 8080 (http)
2018-07-26 12:01:29,437 INFO [main] c.k.s.s.KingSsoServerApplication [StartupInfoLogger.java : 57] Started KingSsoServerApplication in 9.425 seconds (JVM running for 11.185)
2018-07-26 12:01:35,099 INFO [http-nio-8080-exec-1] o.a.c.c.C.[.[.[/king-sso-server] [DirectJDKLog.java : 180] Initializing Spring FrameworkServlet 'dispatcherServlet'
2018-07-26 12:01:35,100 INFO [http-nio-8080-exec-1] o.s.web.servlet.DispatcherServlet [FrameworkServlet.java : 489] FrameworkServlet 'dispatcherServlet': initialization started
2018-07-26 12:01:35,128 INFO [http-nio-8080-exec-1] o.s.web.servlet.DispatcherServlet [FrameworkServlet.java : 508] FrameworkServlet 'dispatcherServlet': initialization completed in 28 ms
2018-07-26 13:40:13,976 INFO [Thread-3] o.s.b.c.e.AnnotationConfigEmbeddedWebApplicationContext [AbstractApplicationContext.java : 984] Closing org.springframework.boot.context.embedded.AnnotationConfigEmbeddedWebApplicationContext@7aae6a99: startup date [Thu Jul 26 12:01:21 CST 2018]; root of context hierarchy
2018-07-26 13:40:13,984 INFO [Thread-3] o.s.j.e.a.AnnotationMBeanExporter [MBeanExporter.java : 449] Unregistering JMX-exposed beans on shutdown
2018-07-26 13:40:20,763 INFO [main] c.k.s.s.KingSsoServerApplication [StartupInfoLogger.java : 48] Starting KingSsoServerApplication on wangjinsheng.local with PID 22947 (/unit/opensources/king-sso/king-sso-server/target/classes started by wangjinsheng in /unit/opensources)
2018-07-26 13:40:20,775 INFO [main] c.k.s.s.KingSsoServerApplication [SpringApplication.java : 593] No active profile set, falling back to default profiles: default
2018-07-26 13:40:21,063 INFO [main] o.s.b.c.e.AnnotationConfigEmbeddedWebApplicationContext [AbstractApplicationContext.java : 583] Refreshing org.springframework.boot.context.embedded.AnnotationConfigEmbeddedWebApplicationContext@3720a5d7: startup date [Thu Jul 26 13:40:21 CST 2018]; root of context hierarchy
2018-07-26 13:40:21,816 INFO [background-preinit] o.h.validator.internal.util.Version [Version.java : 30] HV000001: Hibernate Validator 5.3.6.Final
2018-07-26 13:40:24,056 INFO [main] o.s.b.c.e.t.TomcatEmbeddedServletContainer [TomcatEmbeddedServletContainer.java : 89] Tomcat initialized with port(s): 8080 (http)
2018-07-26 13:40:24,086 INFO [main] o.a.catalina.core.StandardService [DirectJDKLog.java : 180] Starting service [Tomcat]
2018-07-26 13:40:24,090 INFO [main] o.a.catalina.core.StandardEngine [DirectJDKLog.java : 180] Starting Servlet Engine: Apache Tomcat/8.5.27
2018-07-26 13:40:24,256 INFO [localhost-startStop-1] o.a.c.c.C.[.[.[/king-sso-server] [DirectJDKLog.java : 180] Initializing Spring embedded WebApplicationContext
2018-07-26 13:40:24,256 INFO [localhost-startStop-1] o.s.web.context.ContextLoader [EmbeddedWebApplicationContext.java : 276] Root WebApplicationContext: initialization completed in 3193 ms
2018-07-26 13:40:24,914 INFO [localhost-startStop-1] o.s.b.w.s.ServletRegistrationBean [ServletRegistrationBean.java : 190] Mapping servlet: 'dispatcherServlet' to [/]
2018-07-26 13:40:24,952 INFO [localhost-startStop-1] o.s.b.w.s.FilterRegistrationBean [AbstractFilterRegistrationBean.java : 258] Mapping filter: 'characterEncodingFilter' to: [/*]
2018-07-26 13:40:24,954 INFO [localhost-startStop-1] o.s.b.w.s.FilterRegistrationBean [AbstractFilterRegistrationBean.java : 258] Mapping filter: 'hiddenHttpMethodFilter' to: [/*]
2018-07-26 13:40:24,955 INFO [localhost-startStop-1] o.s.b.w.s.FilterRegistrationBean [AbstractFilterRegistrationBean.java : 258] Mapping filter: 'httpPutFormContentFilter' to: [/*]
2018-07-26 13:40:24,955 INFO [localhost-startStop-1] o.s.b.w.s.FilterRegistrationBean [AbstractFilterRegistrationBean.java : 258] Mapping filter: 'requestContextFilter' to: [/*]
2018-07-26 13:40:27,066 INFO [main] o.s.w.s.m.m.a.RequestMappingHandlerAdapter [RequestMappingHandlerAdapter.java : 534] Looking for @ControllerAdvice: org.springframework.boot.context.embedded.AnnotationConfigEmbeddedWebApplicationContext@3720a5d7: startup date [Thu Jul 26 13:40:21 CST 2018]; root of context hierarchy
2018-07-26 13:40:27,267 INFO [main] o.s.w.s.m.m.a.RequestMappingHandlerMapping [AbstractHandlerMethodMapping.java : 543] Mapped "{[/]}" onto public java.lang.String com.king.sso.server.controller.IndexController.index(org.springframework.ui.Model,javax.servlet.http.HttpServletRequest)
2018-07-26 13:40:27,269 INFO [main] o.s.w.s.m.m.a.RequestMappingHandlerMapping [AbstractHandlerMethodMapping.java : 543] Mapped "{[/login]}" onto public java.lang.String com.king.sso.server.controller.IndexController.login(org.springframework.ui.Model,javax.servlet.http.HttpServletRequest)
2018-07-26 13:40:27,270 INFO [main] o.s.w.s.m.m.a.RequestMappingHandlerMapping [AbstractHandlerMethodMapping.java : 543] Mapped "{[/doLogin]}" onto public java.lang.String com.king.sso.server.controller.IndexController.doLogin(javax.servlet.http.HttpServletRequest,javax.servlet.http.HttpServletResponse,org.springframework.web.servlet.mvc.support.RedirectAttributes,java.lang.String,java.lang.String)
2018-07-26 13:40:27,271 INFO [main] o.s.w.s.m.m.a.RequestMappingHandlerMapping [AbstractHandlerMethodMapping.java : 543] Mapped "{[/logout]}" onto public java.lang.String com.king.sso.server.controller.IndexController.logout(javax.servlet.http.HttpServletRequest,javax.servlet.http.HttpServletResponse,org.springframework.web.servlet.mvc.support.RedirectAttributes)
2018-07-26 13:40:27,289 INFO [main] o.s.w.s.m.m.a.RequestMappingHandlerMapping [AbstractHandlerMethodMapping.java : 543] Mapped "{[/error]}" onto public org.springframework.http.ResponseEntity<java.util.Map<java.lang.String, java.lang.Object>> org.springframework.boot.autoconfigure.web.BasicErrorController.error(javax.servlet.http.HttpServletRequest)
2018-07-26 13:40:27,291 INFO [main] o.s.w.s.m.m.a.RequestMappingHandlerMapping [AbstractHandlerMethodMapping.java : 543] Mapped "{[/error],produces=[text/html]}" onto public org.springframework.web.servlet.ModelAndView org.springframework.boot.autoconfigure.web.BasicErrorController.errorHtml(javax.servlet.http.HttpServletRequest,javax.servlet.http.HttpServletResponse)
2018-07-26 13:40:27,417 INFO [main] o.s.w.s.h.SimpleUrlHandlerMapping [AbstractUrlHandlerMapping.java : 362] Mapped URL path [/webjars/**] onto handler of type [class org.springframework.web.servlet.resource.ResourceHttpRequestHandler]
2018-07-26 13:40:27,417 INFO [main] o.s.w.s.h.SimpleUrlHandlerMapping [AbstractUrlHandlerMapping.java : 362] Mapped URL path [/static/**] onto handler of type [class org.springframework.web.servlet.resource.ResourceHttpRequestHandler]
2018-07-26 13:40:27,629 INFO [main] o.s.w.s.h.SimpleUrlHandlerMapping [AbstractUrlHandlerMapping.java : 362] Mapped URL path [/**/favicon.ico] onto handler of type [class org.springframework.web.servlet.resource.ResourceHttpRequestHandler]
2018-07-26 13:40:28,105 INFO [main] o.s.u.f.SpringTemplateLoader [SpringTemplateLoader.java : 61] SpringTemplateLoader for FreeMarker: using resource loader [org.springframework.boot.context.embedded.AnnotationConfigEmbeddedWebApplicationContext@3720a5d7: startup date [Thu Jul 26 13:40:21 CST 2018]; root of context hierarchy] and template loader path [classpath:/templates/]
2018-07-26 13:40:28,107 INFO [main] o.s.w.s.v.f.FreeMarkerConfigurer [FreeMarkerConfigurer.java : 127] ClassTemplateLoader for Spring macros added to FreeMarker configuration
2018-07-26 13:40:28,718 INFO [main] o.s.j.e.a.AnnotationMBeanExporter [MBeanExporter.java : 431] Registering beans for JMX exposure on startup
2018-07-26 13:40:28,819 INFO [main] o.a.coyote.http11.Http11NioProtocol [DirectJDKLog.java : 180] Initializing ProtocolHandler ["http-nio-8080"]
2018-07-26 13:40:28,849 INFO [main] o.a.coyote.http11.Http11NioProtocol [DirectJDKLog.java : 180] Starting ProtocolHandler ["http-nio-8080"]
2018-07-26 13:40:28,864 INFO [main] o.a.tomcat.util.net.NioSelectorPool [DirectJDKLog.java : 180] Using a shared selector for servlet write/read
2018-07-26 13:40:28,901 INFO [main] o.s.b.c.e.t.TomcatEmbeddedServletContainer [TomcatEmbeddedServletContainer.java : 201] Tomcat started on port(s): 8080 (http)
2018-07-26 13:40:28,910 INFO [main] c.k.s.s.KingSsoServerApplication [StartupInfoLogger.java : 57] Started KingSsoServerApplication in 9.313 seconds (JVM running for 10.622)
2018-07-26 13:40:46,073 INFO [http-nio-8080-exec-1] o.a.c.c.C.[.[.[/king-sso-server] [DirectJDKLog.java : 180] Initializing Spring FrameworkServlet 'dispatcherServlet'
2018-07-26 13:40:46,073 INFO [http-nio-8080-exec-1] o.s.web.servlet.DispatcherServlet [FrameworkServlet.java : 489] FrameworkServlet 'dispatcherServlet': initialization started
2018-07-26 13:40:46,093 INFO [http-nio-8080-exec-1] o.s.web.servlet.DispatcherServlet [FrameworkServlet.java : 508] FrameworkServlet 'dispatcherServlet': initialization completed in 20 ms
2018-07-26 13:59:33,933 INFO [Thread-3] o.s.b.c.e.AnnotationConfigEmbeddedWebApplicationContext [AbstractApplicationContext.java : 984] Closing org.springframework.boot.context.embedded.AnnotationConfigEmbeddedWebApplicationContext@3720a5d7: startup date [Thu Jul 26 13:40:21 CST 2018]; root of context hierarchy
2018-07-26 13:59:33,939 INFO [Thread-3] o.s.j.e.a.AnnotationMBeanExporter [MBeanExporter.java : 449] Unregistering JMX-exposed beans on shutdown
2018-07-26 14:10:16,772 INFO [main] c.k.s.s.KingSsoServerApplication [StartupInfoLogger.java : 48] Starting KingSsoServerApplication on wangjinsheng.local with PID 23823 (/unit/opensources/king-sso/king-sso-server/target/classes started by wangjinsheng in /unit/opensources)
2018-07-26 14:10:16,783 INFO [main] c.k.s.s.KingSsoServerApplication [SpringApplication.java : 593] No active profile set, falling back to default profiles: default
2018-07-26 14:10:16,929 INFO [main] o.s.b.c.e.AnnotationConfigEmbeddedWebApplicationContext [AbstractApplicationContext.java : 583] Refreshing org.springframework.boot.context.embedded.AnnotationConfigEmbeddedWebApplicationContext@33c5e45b: startup date [Thu Jul 26 14:10:16 CST 2018]; root of context hierarchy
2018-07-26 14:10:17,449 INFO [background-preinit] o.h.validator.internal.util.Version [Version.java : 30] HV000001: Hibernate Validator 5.3.6.Final
2018-07-26 14:10:19,794 INFO [main] o.s.b.c.e.t.TomcatEmbeddedServletContainer [TomcatEmbeddedServletContainer.java : 89] Tomcat initialized with port(s): 8080 (http)
2018-07-26 14:10:19,818 INFO [main] o.a.catalina.core.StandardService [DirectJDKLog.java : 180] Starting service [Tomcat]
2018-07-26 14:10:19,820 INFO [main] o.a.catalina.core.StandardEngine [DirectJDKLog.java : 180] Starting Servlet Engine: Apache Tomcat/8.5.27
2018-07-26 14:10:19,962 INFO [localhost-startStop-1] o.a.c.c.C.[.[.[/king-sso-server] [DirectJDKLog.java : 180] Initializing Spring embedded WebApplicationContext
2018-07-26 14:10:19,963 INFO [localhost-startStop-1] o.s.web.context.ContextLoader [EmbeddedWebApplicationContext.java : 276] Root WebApplicationContext: initialization completed in 3034 ms
2018-07-26 14:10:20,266 INFO [localhost-startStop-1] o.s.b.w.s.ServletRegistrationBean [ServletRegistrationBean.java : 190] Mapping servlet: 'dispatcherServlet' to [/]
2018-07-26 14:10:20,272 INFO [localhost-startStop-1] o.s.b.w.s.FilterRegistrationBean [AbstractFilterRegistrationBean.java : 258] Mapping filter: 'characterEncodingFilter' to: [/*]
2018-07-26 14:10:20,273 INFO [localhost-startStop-1] o.s.b.w.s.FilterRegistrationBean [AbstractFilterRegistrationBean.java : 258] Mapping filter: 'hiddenHttpMethodFilter' to: [/*]
2018-07-26 14:10:20,273 INFO [localhost-startStop-1] o.s.b.w.s.FilterRegistrationBean [AbstractFilterRegistrationBean.java : 258] Mapping filter: 'httpPutFormContentFilter' to: [/*]
2018-07-26 14:10:20,274 INFO [localhost-startStop-1] o.s.b.w.s.FilterRegistrationBean [AbstractFilterRegistrationBean.java : 258] Mapping filter: 'requestContextFilter' to: [/*]
2018-07-26 14:10:21,967 INFO [main] o.s.w.s.m.m.a.RequestMappingHandlerAdapter [RequestMappingHandlerAdapter.java : 534] Looking for @ControllerAdvice: org.springframework.boot.context.embedded.AnnotationConfigEmbeddedWebApplicationContext@33c5e45b: startup date [Thu Jul 26 14:10:16 CST 2018]; root of context hierarchy
2018-07-26 14:10:22,108 INFO [main] o.s.w.s.m.m.a.RequestMappingHandlerMapping [AbstractHandlerMethodMapping.java : 543] Mapped "{[/]}" onto public java.lang.String com.king.sso.server.controller.IndexController.index(org.springframework.ui.Model,javax.servlet.http.HttpServletRequest)
2018-07-26 14:10:22,109 INFO [main] o.s.w.s.m.m.a.RequestMappingHandlerMapping [AbstractHandlerMethodMapping.java : 543] Mapped "{[/login]}" onto public java.lang.String com.king.sso.server.controller.IndexController.login(org.springframework.ui.Model,javax.servlet.http.HttpServletRequest)
2018-07-26 14:10:22,110 INFO [main] o.s.w.s.m.m.a.RequestMappingHandlerMapping [AbstractHandlerMethodMapping.java : 543] Mapped "{[/doLogin]}" onto public java.lang.String com.king.sso.server.controller.IndexController.doLogin(javax.servlet.http.HttpServletRequest,javax.servlet.http.HttpServletResponse,org.springframework.web.servlet.mvc.support.RedirectAttributes,java.lang.String,java.lang.String)
2018-07-26 14:10:22,110 INFO [main] o.s.w.s.m.m.a.RequestMappingHandlerMapping [AbstractHandlerMethodMapping.java : 543] Mapped "{[/logout]}" onto public java.lang.String com.king.sso.server.controller.IndexController.logout(javax.servlet.http.HttpServletRequest,javax.servlet.http.HttpServletResponse,org.springframework.web.servlet.mvc.support.RedirectAttributes)
2018-07-26 14:10:22,115 INFO [main] o.s.w.s.m.m.a.RequestMappingHandlerMapping [AbstractHandlerMethodMapping.java : 543] Mapped "{[/error]}" onto public org.springframework.http.ResponseEntity<java.util.Map<java.lang.String, java.lang.Object>> org.springframework.boot.autoconfigure.web.BasicErrorController.error(javax.servlet.http.HttpServletRequest)
2018-07-26 14:10:22,116 INFO [main] o.s.w.s.m.m.a.RequestMappingHandlerMapping [AbstractHandlerMethodMapping.java : 543] Mapped "{[/error],produces=[text/html]}" onto public org.springframework.web.servlet.ModelAndView org.springframework.boot.autoconfigure.web.BasicErrorController.errorHtml(javax.servlet.http.HttpServletRequest,javax.servlet.http.HttpServletResponse)
2018-07-26 14:10:22,176 INFO [main] o.s.w.s.h.SimpleUrlHandlerMapping [AbstractUrlHandlerMapping.java : 362] Mapped URL path [/webjars/**] onto handler of type [class org.springframework.web.servlet.resource.ResourceHttpRequestHandler]
2018-07-26 14:10:22,177 INFO [main] o.s.w.s.h.SimpleUrlHandlerMapping [AbstractUrlHandlerMapping.java : 362] Mapped URL path [/static/**] onto handler of type [class org.springframework.web.servlet.resource.ResourceHttpRequestHandler]
2018-07-26 14:10:22,336 INFO [main] o.s.w.s.h.SimpleUrlHandlerMapping [AbstractUrlHandlerMapping.java : 362] Mapped URL path [/**/favicon.ico] onto handler of type [class org.springframework.web.servlet.resource.ResourceHttpRequestHandler]
2018-07-26 14:10:22,835 INFO [main] o.s.u.f.SpringTemplateLoader [SpringTemplateLoader.java : 61] SpringTemplateLoader for FreeMarker: using resource loader [org.springframework.boot.context.embedded.AnnotationConfigEmbeddedWebApplicationContext@33c5e45b: startup date [Thu Jul 26 14:10:16 CST 2018]; root of context hierarchy] and template loader path [classpath:/templates/]
2018-07-26 14:10:22,838 INFO [main] o.s.w.s.v.f.FreeMarkerConfigurer [FreeMarkerConfigurer.java : 127] ClassTemplateLoader for Spring macros added to FreeMarker configuration
2018-07-26 14:10:23,459 INFO [main] o.s.j.e.a.AnnotationMBeanExporter [MBeanExporter.java : 431] Registering beans for JMX exposure on startup
2018-07-26 14:10:23,543 INFO [main] o.a.coyote.http11.Http11NioProtocol [DirectJDKLog.java : 180] Initializing ProtocolHandler ["http-nio-8080"]
2018-07-26 14:10:23,572 INFO [main] o.a.coyote.http11.Http11NioProtocol [DirectJDKLog.java : 180] Starting ProtocolHandler ["http-nio-8080"]
2018-07-26 14:10:23,594 INFO [main] o.a.tomcat.util.net.NioSelectorPool [DirectJDKLog.java : 180] Using a shared selector for servlet write/read
2018-07-26 14:10:23,627 INFO [main] o.s.b.c.e.t.TomcatEmbeddedServletContainer [TomcatEmbeddedServletContainer.java : 201] Tomcat started on port(s): 8080 (http)
2018-07-26 14:10:23,636 INFO [main] c.k.s.s.KingSsoServerApplication [StartupInfoLogger.java : 57] Started KingSsoServerApplication in 7.943 seconds (JVM running for 9.427)
2018-07-26 14:10:46,077 INFO [http-nio-8080-exec-1] o.a.c.c.C.[.[.[/king-sso-server] [DirectJDKLog.java : 180] Initializing Spring FrameworkServlet 'dispatcherServlet'
2018-07-26 14:10:46,078 INFO [http-nio-8080-exec-1] o.s.web.servlet.DispatcherServlet [FrameworkServlet.java : 489] FrameworkServlet 'dispatcherServlet': initialization started
2018-07-26 14:10:46,115 INFO [http-nio-8080-exec-1] o.s.web.servlet.DispatcherServlet [FrameworkServlet.java : 508] FrameworkServlet 'dispatcherServlet': initialization completed in 37 ms
2018-07-26 14:17:14,801 INFO [Thread-3] o.s.b.c.e.AnnotationConfigEmbeddedWebApplicationContext [AbstractApplicationContext.java : 984] Closing org.springframework.boot.context.embedded.AnnotationConfigEmbeddedWebApplicationContext@33c5e45b: startup date [Thu Jul 26 14:10:16 CST 2018]; root of context hierarchy
2018-07-26 14:17:14,808 INFO [Thread-3] o.s.j.e.a.AnnotationMBeanExporter [MBeanExporter.java : 449] Unregistering JMX-exposed beans on shutdown
